0 info it worked if it ends with ok
1 verbose cli [ 'C:\\Program Files\\nodejs\\node.exe',
1 verbose cli   'C:\\Program Files\\nodejs\\node_modules\\npm\\bin\\npm-cli.js',
1 verbose cli   'install',
1 verbose cli   'time' ]
2 info using npm@3.10.10
3 info using node@v6.10.0
4 silly loadCurrentTree Starting
5 silly install loadCurrentTree
6 silly install readLocalPackageData
7 silly fetchPackageMetaData time
8 silly fetchNamedPackageData time
9 silly mapToRegistry name time
10 silly mapToRegistry using default registry
11 silly mapToRegistry registry https://registry.npmjs.org/
12 silly mapToRegistry data Result {
12 silly mapToRegistry   raw: 'time',
12 silly mapToRegistry   scope: null,
12 silly mapToRegistry   escapedName: 'time',
12 silly mapToRegistry   name: 'time',
12 silly mapToRegistry   rawSpec: '',
12 silly mapToRegistry   spec: 'latest',
12 silly mapToRegistry   type: 'tag' }
13 silly mapToRegistry uri https://registry.npmjs.org/time
14 verbose request uri https://registry.npmjs.org/time
15 verbose request no auth needed
16 info attempt registry request try #1 at 3:46:33 PM
17 verbose request id cfb4d953d030bf5a
18 verbose etag W/"58cf7f3c-aba6"
19 verbose lastModified Mon, 20 Mar 2017 07:05:32 GMT
20 http request GET https://registry.npmjs.org/time
21 http 304 https://registry.npmjs.org/time
22 verbose headers { date: 'Wed, 12 Apr 2017 20:46:34 GMT',
22 verbose headers   via: '1.1 varnish',
22 verbose headers   'cache-control': 'max-age=300',
22 verbose headers   etag: 'W/"58cf7f3c-aba6"',
22 verbose headers   age: '137',
22 verbose headers   connection: 'keep-alive',
22 verbose headers   'x-served-by': 'cache-dfw1844-DFW',
22 verbose headers   'x-cache': 'HIT',
22 verbose headers   'x-cache-hits': '1',
22 verbose headers   'x-timer': 'S1492029995.585264,VS0,VE0',
22 verbose headers   vary: 'Accept-Encoding' }
23 silly get cb [ 304,
23 silly get   { date: 'Wed, 12 Apr 2017 20:46:34 GMT',
23 silly get     via: '1.1 varnish',
23 silly get     'cache-control': 'max-age=300',
23 silly get     etag: 'W/"58cf7f3c-aba6"',
23 silly get     age: '137',
23 silly get     connection: 'keep-alive',
23 silly get     'x-served-by': 'cache-dfw1844-DFW',
23 silly get     'x-cache': 'HIT',
23 silly get     'x-cache-hits': '1',
23 silly get     'x-timer': 'S1492029995.585264,VS0,VE0',
23 silly get     vary: 'Accept-Encoding' } ]
24 verbose etag https://registry.npmjs.org/time from cache
25 verbose get saving time to C:\Users\austi\AppData\Roaming\npm-cache\registry.npmjs.org\time\.cache.json
26 verbose correctMkdir C:\Users\austi\AppData\Roaming\npm-cache correctMkdir not in flight; initializing
27 silly install normalizeTree
28 silly loadCurrentTree Finishing
29 silly loadIdealTree Starting
30 silly install loadIdealTree
31 silly cloneCurrentTree Starting
32 silly install cloneCurrentTreeToIdealTree
33 silly cloneCurrentTree Finishing
34 silly loadShrinkwrap Starting
35 silly install loadShrinkwrap
36 silly loadShrinkwrap Finishing
37 silly loadAllDepsIntoIdealTree Starting
38 silly install loadAllDepsIntoIdealTree
39 silly resolveWithNewModule time@0.12.0 checking installable status
40 silly cache add args [ 'time', null ]
41 verbose cache add spec time
42 silly cache add parsed spec Result {
42 silly cache add   raw: 'time',
42 silly cache add   scope: null,
42 silly cache add   escapedName: 'time',
42 silly cache add   name: 'time',
42 silly cache add   rawSpec: '',
42 silly cache add   spec: 'latest',
42 silly cache add   type: 'tag' }
43 silly addNamed time@latest
44 verbose addNamed "latest" is being treated as a dist-tag for time
45 info addNameTag [ 'time', 'latest' ]
46 silly mapToRegistry name time
47 silly mapToRegistry using default registry
48 silly mapToRegistry registry https://registry.npmjs.org/
49 silly mapToRegistry data Result {
49 silly mapToRegistry   raw: 'time',
49 silly mapToRegistry   scope: null,
49 silly mapToRegistry   escapedName: 'time',
49 silly mapToRegistry   name: 'time',
49 silly mapToRegistry   rawSpec: '',
49 silly mapToRegistry   spec: 'latest',
49 silly mapToRegistry   type: 'tag' }
50 silly mapToRegistry uri https://registry.npmjs.org/time
51 verbose addNameTag registry:https://registry.npmjs.org/time not in flight; fetching
52 verbose get https://registry.npmjs.org/time not expired, no request
53 silly addNameTag next cb for time with tag latest
54 silly addNamed time@0.12.0
55 verbose addNamed "0.12.0" is a plain semver version for time
56 silly cache afterAdd time@0.12.0
57 verbose afterAdd C:\Users\austi\AppData\Roaming\npm-cache\time\0.12.0\package\package.json not in flight; writing
58 verbose correctMkdir C:\Users\austi\AppData\Roaming\npm-cache correctMkdir not in flight; initializing
59 verbose afterAdd C:\Users\austi\AppData\Roaming\npm-cache\time\0.12.0\package\package.json written
60 silly fetchNamedPackageData bindings
61 silly mapToRegistry name bindings
62 silly mapToRegistry using default registry
63 silly mapToRegistry registry https://registry.npmjs.org/
64 silly mapToRegistry data Result {
64 silly mapToRegistry   raw: 'bindings',
64 silly mapToRegistry   scope: null,
64 silly mapToRegistry   escapedName: 'bindings',
64 silly mapToRegistry   name: 'bindings',
64 silly mapToRegistry   rawSpec: '',
64 silly mapToRegistry   spec: 'latest',
64 silly mapToRegistry   type: 'tag' }
65 silly mapToRegistry uri https://registry.npmjs.org/bindings
66 verbose request uri https://registry.npmjs.org/bindings
67 verbose request no auth needed
68 info attempt registry request try #1 at 3:46:33 PM
69 verbose etag W/"580645d3-46f7"
70 verbose lastModified Tue, 18 Oct 2016 15:54:59 GMT
71 http request GET https://registry.npmjs.org/bindings
72 http 304 https://registry.npmjs.org/bindings
73 verbose headers { date: 'Wed, 12 Apr 2017 20:46:34 GMT',
73 verbose headers   via: '1.1 varnish',
73 verbose headers   'cache-control': 'max-age=300',
73 verbose headers   etag: 'W/"580645d3-46f7"',
73 verbose headers   age: '186',
73 verbose headers   connection: 'keep-alive',
73 verbose headers   'x-served-by': 'cache-dfw1844-DFW',
73 verbose headers   'x-cache': 'HIT',
73 verbose headers   'x-cache-hits': '4',
73 verbose headers   'x-timer': 'S1492029995.775054,VS0,VE0',
73 verbose headers   vary: 'Accept-Encoding' }
74 silly get cb [ 304,
74 silly get   { date: 'Wed, 12 Apr 2017 20:46:34 GMT',
74 silly get     via: '1.1 varnish',
74 silly get     'cache-control': 'max-age=300',
74 silly get     etag: 'W/"580645d3-46f7"',
74 silly get     age: '186',
74 silly get     connection: 'keep-alive',
74 silly get     'x-served-by': 'cache-dfw1844-DFW',
74 silly get     'x-cache': 'HIT',
74 silly get     'x-cache-hits': '4',
74 silly get     'x-timer': 'S1492029995.775054,VS0,VE0',
74 silly get     vary: 'Accept-Encoding' } ]
75 verbose etag https://registry.npmjs.org/bindings from cache
76 verbose get saving bindings to C:\Users\austi\AppData\Roaming\npm-cache\registry.npmjs.org\bindings\.cache.json
77 verbose correctMkdir C:\Users\austi\AppData\Roaming\npm-cache correctMkdir not in flight; initializing
78 silly resolveWithNewModule bindings@1.2.1 checking installable status
79 silly cache add args [ 'bindings@^1.2.0', null ]
80 verbose cache add spec bindings@^1.2.0
81 silly cache add parsed spec Result {
81 silly cache add   raw: 'bindings@^1.2.0',
81 silly cache add   scope: null,
81 silly cache add   escapedName: 'bindings',
81 silly cache add   name: 'bindings',
81 silly cache add   rawSpec: '^1.2.0',
81 silly cache add   spec: '>=1.2.0 <2.0.0',
81 silly cache add   type: 'range' }
82 silly addNamed bindings@>=1.2.0 <2.0.0
83 verbose addNamed ">=1.2.0 <2.0.0" is a valid semver range for bindings
84 silly addNameRange { name: 'bindings', range: '>=1.2.0 <2.0.0', hasData: false }
85 silly mapToRegistry name bindings
86 silly mapToRegistry using default registry
87 silly mapToRegistry registry https://registry.npmjs.org/
88 silly mapToRegistry data Result {
88 silly mapToRegistry   raw: 'bindings',
88 silly mapToRegistry   scope: null,
88 silly mapToRegistry   escapedName: 'bindings',
88 silly mapToRegistry   name: 'bindings',
88 silly mapToRegistry   rawSpec: '',
88 silly mapToRegistry   spec: 'latest',
88 silly mapToRegistry   type: 'tag' }
89 silly mapToRegistry uri https://registry.npmjs.org/bindings
90 verbose addNameRange registry:https://registry.npmjs.org/bindings not in flight; fetching
91 verbose get https://registry.npmjs.org/bindings not expired, no request
92 silly addNameRange number 2 { name: 'bindings', range: '>=1.2.0 <2.0.0', hasData: true }
93 silly addNameRange versions [ 'bindings',
93 silly addNameRange   [ '0.0.1',
93 silly addNameRange     '0.1.0',
93 silly addNameRange     '0.1.1',
93 silly addNameRange     '0.2.0',
93 silly addNameRange     '0.2.1',
93 silly addNameRange     '0.2.2',
93 silly addNameRange     '0.2.3',
93 silly addNameRange     '0.2.4',
93 silly addNameRange     '0.3.0',
93 silly addNameRange     '0.4.0',
93 silly addNameRange     '1.0.0',
93 silly addNameRange     '1.1.0',
93 silly addNameRange     '1.1.1',
93 silly addNameRange     '1.2.0',
93 silly addNameRange     '1.2.1' ] ]
94 silly addNamed bindings@1.2.1
95 verbose addNamed "1.2.1" is a plain semver version for bindings
96 silly cache afterAdd bindings@1.2.1
97 verbose afterAdd C:\Users\austi\AppData\Roaming\npm-cache\bindings\1.2.1\package\package.json not in flight; writing
98 verbose correctMkdir C:\Users\austi\AppData\Roaming\npm-cache correctMkdir not in flight; initializing
99 verbose afterAdd C:\Users\austi\AppData\Roaming\npm-cache\bindings\1.2.1\package\package.json written
100 silly loadAllDepsIntoIdealTree Finishing
101 silly loadIdealTree Finishing
102 silly currentTree testframeapp@1.0.0
102 silly currentTree +-- abbrev@1.1.0
102 silly currentTree +-- accepts@1.3.3
102 silly currentTree +-- ansi-regex@2.1.1
102 silly currentTree +-- ansi-styles@2.2.1
102 silly currentTree +-- anymatch@1.3.0
102 silly currentTree +-- arr-diff@2.0.0
102 silly currentTree +-- arr-flatten@1.0.1
102 silly currentTree +-- array-flatten@1.1.1
102 silly currentTree +-- array-unique@0.2.1
102 silly currentTree +-- arrify@1.0.1
102 silly currentTree +-- async-each@1.0.1
102 silly currentTree +-- async@2.1.4
102 silly currentTree +-- balanced-match@0.4.2
102 silly currentTree +-- binary-extensions@1.8.0
102 silly currentTree +-- bluebird@2.10.2
102 silly currentTree +-- body-parser@1.17.1
102 silly currentTree +-- brace-expansion@1.1.6
102 silly currentTree +-- braces@1.8.5
102 silly currentTree +-- bson@1.0.4
102 silly currentTree +-- buffer-shims@1.0.0
102 silly currentTree +-- bytes@2.4.0
102 silly currentTree +-- chalk@1.1.3
102 silly currentTree +-- chokidar@1.6.1
102 silly currentTree +-- concat-map@0.0.1
102 silly currentTree +-- configstore@1.4.0
102 silly currentTree +-- content-disposition@0.5.2
102 silly currentTree +-- content-type@1.0.2
102 silly currentTree +-- cookie-signature@1.0.6
102 silly currentTree +-- cookie@0.3.1
102 silly currentTree +-- core-util-is@1.0.2
102 silly currentTree +-- crc@3.4.4
102 silly currentTree +-- cron-parser@1.1.0
102 silly currentTree +-- debug@2.6.1
102 silly currentTree +-- deep-extend@0.4.1
102 silly currentTree +-- depd@1.1.0
102 silly currentTree +-- destroy@1.0.4
102 silly currentTree +-- duplexer@0.1.1
102 silly currentTree +-- duplexify@3.5.0
102 silly currentTree +-- ee-first@1.1.1
102 silly currentTree +-- ejs@2.5.6
102 silly currentTree +-- encodeurl@1.0.1
102 silly currentTree +-- end-of-stream@1.0.0
102 silly currentTree +-- es6-promise@3.3.1
102 silly currentTree +-- escape-html@1.0.3
102 silly currentTree +-- escape-string-regexp@1.0.5
102 silly currentTree +-- etag@1.8.0
102 silly currentTree +-- event-stream@3.3.4
102 silly currentTree +-- expand-brackets@0.1.5
102 silly currentTree +-- expand-range@1.8.2
102 silly currentTree +-- express-session@1.15.2
102 silly currentTree | `-- debug@2.6.3
102 silly currentTree +-- express@4.15.2
102 silly currentTree +-- extend@3.0.0
102 silly currentTree +-- extglob@0.3.2
102 silly currentTree +-- filename-regex@2.0.0
102 silly currentTree +-- fill-range@2.2.3
102 silly currentTree +-- finalhandler@1.0.1
102 silly currentTree | `-- debug@2.6.3
102 silly currentTree +-- for-in@1.0.2
102 silly currentTree +-- for-own@0.1.5
102 silly currentTree +-- forwarded@0.1.0
102 silly currentTree +-- fresh@0.5.0
102 silly currentTree +-- from@0.1.7
102 silly currentTree +-- fsevents@1.1.1
102 silly currentTree | +-- abbrev@1.1.0
102 silly currentTree | +-- ansi-regex@2.1.1
102 silly currentTree | +-- ansi-styles@2.2.1
102 silly currentTree | +-- aproba@1.1.1
102 silly currentTree | +-- are-we-there-yet@1.1.2
102 silly currentTree | +-- asn1@0.2.3
102 silly currentTree | +-- assert-plus@0.2.0
102 silly currentTree | +-- asynckit@0.4.0
102 silly currentTree | +-- aws-sign2@0.6.0
102 silly currentTree | +-- aws4@1.6.0
102 silly currentTree | +-- balanced-match@0.4.2
102 silly currentTree | +-- bcrypt-pbkdf@1.0.1
102 silly currentTree | +-- block-stream@0.0.9
102 silly currentTree | +-- boom@2.10.1
102 silly currentTree | +-- brace-expansion@1.1.6
102 silly currentTree | +-- buffer-shims@1.0.0
102 silly currentTree | +-- caseless@0.11.0
102 silly currentTree | +-- chalk@1.1.3
102 silly currentTree | +-- code-point-at@1.1.0
102 silly currentTree | +-- combined-stream@1.0.5
102 silly currentTree | +-- commander@2.9.0
102 silly currentTree | +-- concat-map@0.0.1
102 silly currentTree | +-- console-control-strings@1.1.0
102 silly currentTree | +-- core-util-is@1.0.2
102 silly currentTree | +-- cryptiles@2.0.5
102 silly currentTree | +-- dashdash@1.14.1
102 silly currentTree | | `-- assert-plus@1.0.0
102 silly currentTree | +-- debug@2.2.0
102 silly currentTree | +-- deep-extend@0.4.1
102 silly currentTree | +-- delayed-stream@1.0.0
102 silly currentTree | +-- delegates@1.0.0
102 silly currentTree | +-- ecc-jsbn@0.1.1
102 silly currentTree | +-- escape-string-regexp@1.0.5
102 silly currentTree | +-- extend@3.0.0
102 silly currentTree | +-- extsprintf@1.0.2
102 silly currentTree | +-- forever-agent@0.6.1
102 silly currentTree | +-- form-data@2.1.2
102 silly currentTree | +-- fs.realpath@1.0.0
102 silly currentTree | +-- fstream-ignore@1.0.5
102 silly currentTree | +-- fstream@1.0.10
102 silly currentTree | +-- gauge@2.7.3
102 silly currentTree | +-- generate-function@2.0.0
102 silly currentTree | +-- generate-object-property@1.2.0
102 silly currentTree | +-- getpass@0.1.6
102 silly currentTree | | `-- assert-plus@1.0.0
102 silly currentTree | +-- glob@7.1.1
102 silly currentTree | +-- graceful-fs@4.1.11
102 silly currentTree | +-- graceful-readlink@1.0.1
102 silly currentTree | +-- har-validator@2.0.6
102 silly currentTree | +-- has-ansi@2.0.0
102 silly currentTree | +-- has-unicode@2.0.1
102 silly currentTree | +-- hawk@3.1.3
102 silly currentTree | +-- hoek@2.16.3
102 silly currentTree | +-- http-signature@1.1.1
102 silly currentTree | +-- inflight@1.0.6
102 silly currentTree | +-- inherits@2.0.3
102 silly currentTree | +-- ini@1.3.4
102 silly currentTree | +-- is-fullwidth-code-point@1.0.0
102 silly currentTree | +-- is-my-json-valid@2.15.0
102 silly currentTree | +-- is-property@1.0.2
102 silly currentTree | +-- is-typedarray@1.0.0
102 silly currentTree | +-- isarray@1.0.0
102 silly currentTree | +-- isstream@0.1.2
102 silly currentTree | +-- jodid25519@1.0.2
102 silly currentTree | +-- jsbn@0.1.1
102 silly currentTree | +-- json-schema@0.2.3
102 silly currentTree | +-- json-stringify-safe@5.0.1
102 silly currentTree | +-- jsonpointer@4.0.1
102 silly currentTree | +-- jsprim@1.3.1
102 silly currentTree | +-- mime-db@1.26.0
102 silly currentTree | +-- mime-types@2.1.14
102 silly currentTree | +-- minimatch@3.0.3
102 silly currentTree | +-- minimist@0.0.8
102 silly currentTree | +-- mkdirp@0.5.1
102 silly currentTree | +-- ms@0.7.1
102 silly currentTree | +-- node-pre-gyp@0.6.33
102 silly currentTree | +-- nopt@3.0.6
102 silly currentTree | +-- npmlog@4.0.2
102 silly currentTree | +-- number-is-nan@1.0.1
102 silly currentTree | +-- oauth-sign@0.8.2
102 silly currentTree | +-- object-assign@4.1.1
102 silly currentTree | +-- once@1.4.0
102 silly currentTree | +-- path-is-absolute@1.0.1
102 silly currentTree | +-- pinkie-promise@2.0.1
102 silly currentTree | +-- pinkie@2.0.4
102 silly currentTree | +-- process-nextick-args@1.0.7
102 silly currentTree | +-- punycode@1.4.1
102 silly currentTree | +-- qs@6.3.1
102 silly currentTree | +-- rc@1.1.7
102 silly currentTree | | `-- minimist@1.2.0
102 silly currentTree | +-- readable-stream@2.2.2
102 silly currentTree | +-- request@2.79.0
102 silly currentTree | +-- rimraf@2.5.4
102 silly currentTree | +-- semver@5.3.0
102 silly currentTree | +-- set-blocking@2.0.0
102 silly currentTree | +-- signal-exit@3.0.2
102 silly currentTree | +-- sntp@1.0.9
102 silly currentTree | +-- sshpk@1.10.2
102 silly currentTree | | `-- assert-plus@1.0.0
102 silly currentTree | +-- string_decoder@0.10.31
102 silly currentTree | +-- string-width@1.0.2
102 silly currentTree | +-- stringstream@0.0.5
102 silly currentTree | +-- strip-ansi@3.0.1
102 silly currentTree | +-- strip-json-comments@2.0.1
102 silly currentTree | +-- supports-color@2.0.0
102 silly currentTree | +-- tar-pack@3.3.0
102 silly currentTree | | +-- once@1.3.3
102 silly currentTree | | `-- readable-stream@2.1.5
102 silly currentTree | +-- tar@2.2.1
102 silly currentTree | +-- tough-cookie@2.3.2
102 silly currentTree | +-- tunnel-agent@0.4.3
102 silly currentTree | +-- tweetnacl@0.14.5
102 silly currentTree | +-- uid-number@0.0.6
102 silly currentTree | +-- util-deprecate@1.0.2
102 silly currentTree | +-- uuid@3.0.1
102 silly currentTree | +-- verror@1.3.6
102 silly currentTree | +-- wide-align@1.1.0
102 silly currentTree | +-- wrappy@1.0.2
102 silly currentTree | `-- xtend@4.0.1
102 silly currentTree +-- glob-base@0.3.0
102 silly currentTree +-- glob-parent@2.0.0
102 silly currentTree +-- got@3.3.1
102 silly currentTree | `-- object-assign@3.0.0
102 silly currentTree +-- graceful-fs@4.1.11
102 silly currentTree +-- has-ansi@2.0.0
102 silly currentTree +-- hooks-fixed@2.0.0
102 silly currentTree +-- http-errors@1.6.1
102 silly currentTree +-- iconv-lite@0.4.15
102 silly currentTree +-- ignore-by-default@1.0.1
102 silly currentTree +-- imurmurhash@0.1.4
102 silly currentTree +-- infinity-agent@2.0.3
102 silly currentTree +-- inherits@2.0.3
102 silly currentTree +-- ini@1.3.4
102 silly currentTree +-- ipaddr.js@1.3.0
102 silly currentTree +-- is-binary-path@1.0.1
102 silly currentTree +-- is-buffer@1.1.5
102 silly currentTree +-- is-dotfile@1.0.2
102 silly currentTree +-- is-equal-shallow@0.1.3
102 silly currentTree +-- is-extendable@0.1.1
102 silly currentTree +-- is-extglob@1.0.0
102 silly currentTree +-- is-finite@1.0.2
102 silly currentTree +-- is-glob@2.0.1
102 silly currentTree +-- is-npm@1.0.0
102 silly currentTree +-- is-number@2.1.0
102 silly currentTree +-- is-posix-bracket@0.1.1
102 silly currentTree +-- is-primitive@2.0.0
102 silly currentTree +-- is-redirect@1.0.0
102 silly currentTree +-- is-stream@1.1.0
102 silly currentTree +-- isarray@1.0.0
102 silly currentTree +-- iso8601@1.1.1
102 silly currentTree +-- isobject@2.1.0
102 silly currentTree +-- kareem@1.2.1
102 silly currentTree +-- kind-of@3.1.0
102 silly currentTree +-- latest-version@1.0.1
102 silly currentTree +-- lodash._baseassign@3.2.0
102 silly currentTree +-- lodash._basecopy@3.0.1
102 silly currentTree +-- lodash._bindcallback@3.0.1
102 silly currentTree +-- lodash._createassigner@3.1.1
102 silly currentTree +-- lodash._getnative@3.9.1
102 silly currentTree +-- lodash._isiterateecall@3.0.9
102 silly currentTree +-- lodash.assign@3.2.0
102 silly currentTree +-- lodash.defaults@3.1.2
102 silly currentTree +-- lodash.isarguments@3.1.0
102 silly currentTree +-- lodash.isarray@3.0.4
102 silly currentTree +-- lodash.keys@3.1.2
102 silly currentTree +-- lodash.restparam@3.6.1
102 silly currentTree +-- lodash@4.17.4
102 silly currentTree +-- long-timeout@0.1.1
102 silly currentTree +-- lowercase-keys@1.0.0
102 silly currentTree +-- map-stream@0.1.0
102 silly currentTree +-- media-typer@0.3.0
102 silly currentTree +-- merge-descriptors@1.0.1
102 silly currentTree +-- methods@1.1.2
102 silly currentTree +-- micromatch@2.3.11
102 silly currentTree +-- mime-db@1.27.0
102 silly currentTree +-- mime-types@2.1.15
102 silly currentTree +-- mime@1.3.4
102 silly currentTree +-- minimatch@3.0.3
102 silly currentTree +-- minimist@0.0.8
102 silly currentTree +-- mkdirp@0.5.1
102 silly currentTree +-- mongodb-core@2.1.9
102 silly currentTree +-- mongodb@2.2.25
102 silly currentTree | +-- es6-promise@3.2.1
102 silly currentTree | `-- readable-stream@2.1.5
102 silly currentTree +-- mongoose-auto-increment@5.0.1
102 silly currentTree +-- mongoose@4.9.3
102 silly currentTree +-- mpath@0.2.1
102 silly currentTree +-- mpromise@0.5.5
102 silly currentTree +-- mquery@2.3.0
102 silly currentTree | +-- debug@2.2.0
102 silly currentTree | +-- ms@0.7.1
102 silly currentTree | `-- sliced@0.0.5
102 silly currentTree +-- ms@0.7.2
102 silly currentTree +-- muri@1.2.1
102 silly currentTree +-- nan@2.5.1
102 silly currentTree +-- negotiator@0.6.1
102 silly currentTree +-- nested-error-stacks@1.0.2
102 silly currentTree +-- node-schedule@1.2.1
102 silly currentTree +-- nodemailer@3.1.8
102 silly currentTree +-- nodemon@1.11.0
102 silly currentTree +-- nopt@1.0.10
102 silly currentTree +-- normalize-path@2.1.1
102 silly currentTree +-- number-is-nan@1.0.1
102 silly currentTree +-- object-assign@4.1.1
102 silly currentTree +-- object.omit@2.0.1
102 silly currentTree +-- on-finished@2.3.0
102 silly currentTree +-- on-headers@1.0.1
102 silly currentTree +-- once@1.3.3
102 silly currentTree +-- os-homedir@1.0.2
102 silly currentTree +-- os-tmpdir@1.0.2
102 silly currentTree +-- osenv@0.1.4
102 silly currentTree +-- package-json@1.2.0
102 silly currentTree +-- parse-glob@3.0.4
102 silly currentTree +-- parseurl@1.3.1
102 silly currentTree +-- path-is-absolute@1.0.1
102 silly currentTree +-- path-to-regexp@0.1.7
102 silly currentTree +-- pause-stream@0.0.11
102 silly currentTree +-- pinkie-promise@2.0.1
102 silly currentTree +-- pinkie@2.0.4
102 silly currentTree +-- prepend-http@1.0.4
102 silly currentTree +-- preserve@0.2.0
102 silly currentTree +-- process-nextick-args@1.0.7
102 silly currentTree +-- proxy-addr@1.1.4
102 silly currentTree +-- ps-tree@1.1.0
102 silly currentTree +-- qs@6.4.0
102 silly currentTree +-- random-bytes@1.0.0
102 silly currentTree +-- randomatic@1.1.6
102 silly currentTree +-- range-parser@1.2.0
102 silly currentTree +-- raw-body@2.2.0
102 silly currentTree +-- rc@1.2.0
102 silly currentTree | `-- minimist@1.2.0
102 silly currentTree +-- read-all-stream@3.1.0
102 silly currentTree +-- readable-stream@2.2.6
102 silly currentTree +-- readdirp@2.1.0
102 silly currentTree +-- regex-cache@0.4.3
102 silly currentTree +-- regexp-clone@0.0.1
102 silly currentTree +-- registry-url@3.1.0
102 silly currentTree +-- remove-trailing-separator@1.0.1
102 silly currentTree +-- repeat-element@1.1.2
102 silly currentTree +-- repeat-string@1.6.1
102 silly currentTree +-- repeating@1.1.3
102 silly currentTree +-- require_optional@1.0.0
102 silly currentTree +-- resolve-from@2.0.0
102 silly currentTree +-- semver-diff@2.1.0
102 silly currentTree +-- semver@5.3.0
102 silly currentTree +-- send@0.15.1
102 silly currentTree +-- serve-static@1.12.1
102 silly currentTree +-- set-immediate-shim@1.0.1
102 silly currentTree +-- setprototypeof@1.0.3
102 silly currentTree +-- sliced@1.0.1
102 silly currentTree +-- slide@1.1.6
102 silly currentTree +-- sorted-array-functions@1.0.0
102 silly currentTree +-- split@0.3.3
102 silly currentTree +-- statuses@1.3.1
102 silly currentTree +-- stream-combiner@0.0.4
102 silly currentTree +-- stream-shift@1.0.0
102 silly currentTree +-- string_decoder@0.10.31
102 silly currentTree +-- string-length@1.0.1
102 silly currentTree +-- strip-ansi@3.0.1
102 silly currentTree +-- strip-json-comments@2.0.1
102 silly currentTree +-- supports-color@2.0.0
102 silly currentTree +-- through@2.3.8
102 silly currentTree +-- timed-out@2.0.0
102 silly currentTree +-- touch@1.0.0
102 silly currentTree +-- type-is@1.6.15
102 silly currentTree +-- uid-safe@2.1.4
102 silly currentTree +-- undefsafe@0.0.3
102 silly currentTree +-- unpipe@1.0.0
102 silly currentTree +-- update-notifier@0.5.0
102 silly currentTree +-- util-deprecate@1.0.2
102 silly currentTree +-- utils-merge@1.0.0
102 silly currentTree +-- uuid@2.0.3
102 silly currentTree +-- vary@1.1.1
102 silly currentTree +-- wrappy@1.0.2
102 silly currentTree +-- write-file-atomic@1.3.1
102 silly currentTree `-- xdg-basedir@2.0.0
103 silly idealTree testframeapp@1.0.0
103 silly idealTree +-- abbrev@1.1.0
103 silly idealTree +-- accepts@1.3.3
103 silly idealTree +-- ansi-regex@2.1.1
103 silly idealTree +-- ansi-styles@2.2.1
103 silly idealTree +-- anymatch@1.3.0
103 silly idealTree +-- arr-diff@2.0.0
103 silly idealTree +-- arr-flatten@1.0.1
103 silly idealTree +-- array-flatten@1.1.1
103 silly idealTree +-- array-unique@0.2.1
103 silly idealTree +-- arrify@1.0.1
103 silly idealTree +-- async-each@1.0.1
103 silly idealTree +-- async@2.1.4
103 silly idealTree +-- balanced-match@0.4.2
103 silly idealTree +-- binary-extensions@1.8.0
103 silly idealTree +-- bindings@1.2.1
103 silly idealTree +-- bluebird@2.10.2
103 silly idealTree +-- body-parser@1.17.1
103 silly idealTree +-- brace-expansion@1.1.6
103 silly idealTree +-- braces@1.8.5
103 silly idealTree +-- bson@1.0.4
103 silly idealTree +-- buffer-shims@1.0.0
103 silly idealTree +-- bytes@2.4.0
103 silly idealTree +-- chalk@1.1.3
103 silly idealTree +-- chokidar@1.6.1
103 silly idealTree +-- concat-map@0.0.1
103 silly idealTree +-- configstore@1.4.0
103 silly idealTree +-- content-disposition@0.5.2
103 silly idealTree +-- content-type@1.0.2
103 silly idealTree +-- cookie-signature@1.0.6
103 silly idealTree +-- cookie@0.3.1
103 silly idealTree +-- core-util-is@1.0.2
103 silly idealTree +-- crc@3.4.4
103 silly idealTree +-- cron-parser@1.1.0
103 silly idealTree +-- debug@2.6.1
103 silly idealTree +-- deep-extend@0.4.1
103 silly idealTree +-- depd@1.1.0
103 silly idealTree +-- destroy@1.0.4
103 silly idealTree +-- duplexer@0.1.1
103 silly idealTree +-- duplexify@3.5.0
103 silly idealTree +-- ee-first@1.1.1
103 silly idealTree +-- ejs@2.5.6
103 silly idealTree +-- encodeurl@1.0.1
103 silly idealTree +-- end-of-stream@1.0.0
103 silly idealTree +-- es6-promise@3.3.1
103 silly idealTree +-- escape-html@1.0.3
103 silly idealTree +-- escape-string-regexp@1.0.5
103 silly idealTree +-- etag@1.8.0
103 silly idealTree +-- event-stream@3.3.4
103 silly idealTree +-- expand-brackets@0.1.5
103 silly idealTree +-- expand-range@1.8.2
103 silly idealTree +-- express-session@1.15.2
103 silly idealTree | `-- debug@2.6.3
103 silly idealTree +-- express@4.15.2
103 silly idealTree +-- extend@3.0.0
103 silly idealTree +-- extglob@0.3.2
103 silly idealTree +-- filename-regex@2.0.0
103 silly idealTree +-- fill-range@2.2.3
103 silly idealTree +-- finalhandler@1.0.1
103 silly idealTree | `-- debug@2.6.3
103 silly idealTree +-- for-in@1.0.2
103 silly idealTree +-- for-own@0.1.5
103 silly idealTree +-- forwarded@0.1.0
103 silly idealTree +-- fresh@0.5.0
103 silly idealTree +-- from@0.1.7
103 silly idealTree +-- fsevents@1.1.1
103 silly idealTree | +-- abbrev@1.1.0
103 silly idealTree | +-- ansi-regex@2.1.1
103 silly idealTree | +-- ansi-styles@2.2.1
103 silly idealTree | +-- aproba@1.1.1
103 silly idealTree | +-- are-we-there-yet@1.1.2
103 silly idealTree | +-- asn1@0.2.3
103 silly idealTree | +-- assert-plus@0.2.0
103 silly idealTree | +-- asynckit@0.4.0
103 silly idealTree | +-- aws-sign2@0.6.0
103 silly idealTree | +-- aws4@1.6.0
103 silly idealTree | +-- balanced-match@0.4.2
103 silly idealTree | +-- bcrypt-pbkdf@1.0.1
103 silly idealTree | +-- block-stream@0.0.9
103 silly idealTree | +-- boom@2.10.1
103 silly idealTree | +-- brace-expansion@1.1.6
103 silly idealTree | +-- buffer-shims@1.0.0
103 silly idealTree | +-- caseless@0.11.0
103 silly idealTree | +-- chalk@1.1.3
103 silly idealTree | +-- code-point-at@1.1.0
103 silly idealTree | +-- combined-stream@1.0.5
103 silly idealTree | +-- commander@2.9.0
103 silly idealTree | +-- concat-map@0.0.1
103 silly idealTree | +-- console-control-strings@1.1.0
103 silly idealTree | +-- core-util-is@1.0.2
103 silly idealTree | +-- cryptiles@2.0.5
103 silly idealTree | +-- dashdash@1.14.1
103 silly idealTree | | `-- assert-plus@1.0.0
103 silly idealTree | +-- debug@2.2.0
103 silly idealTree | +-- deep-extend@0.4.1
103 silly idealTree | +-- delayed-stream@1.0.0
103 silly idealTree | +-- delegates@1.0.0
103 silly idealTree | +-- ecc-jsbn@0.1.1
103 silly idealTree | +-- escape-string-regexp@1.0.5
103 silly idealTree | +-- extend@3.0.0
103 silly idealTree | +-- extsprintf@1.0.2
103 silly idealTree | +-- forever-agent@0.6.1
103 silly idealTree | +-- form-data@2.1.2
103 silly idealTree | +-- fs.realpath@1.0.0
103 silly idealTree | +-- fstream-ignore@1.0.5
103 silly idealTree | +-- fstream@1.0.10
103 silly idealTree | +-- gauge@2.7.3
103 silly idealTree | +-- generate-function@2.0.0
103 silly idealTree | +-- generate-object-property@1.2.0
103 silly idealTree | +-- getpass@0.1.6
103 silly idealTree | | `-- assert-plus@1.0.0
103 silly idealTree | +-- glob@7.1.1
103 silly idealTree | +-- graceful-fs@4.1.11
103 silly idealTree | +-- graceful-readlink@1.0.1
103 silly idealTree | +-- har-validator@2.0.6
103 silly idealTree | +-- has-ansi@2.0.0
103 silly idealTree | +-- has-unicode@2.0.1
103 silly idealTree | +-- hawk@3.1.3
103 silly idealTree | +-- hoek@2.16.3
103 silly idealTree | +-- http-signature@1.1.1
103 silly idealTree | +-- inflight@1.0.6
103 silly idealTree | +-- inherits@2.0.3
103 silly idealTree | +-- ini@1.3.4
103 silly idealTree | +-- is-fullwidth-code-point@1.0.0
103 silly idealTree | +-- is-my-json-valid@2.15.0
103 silly idealTree | +-- is-property@1.0.2
103 silly idealTree | +-- is-typedarray@1.0.0
103 silly idealTree | +-- isarray@1.0.0
103 silly idealTree | +-- isstream@0.1.2
103 silly idealTree | +-- jodid25519@1.0.2
103 silly idealTree | +-- jsbn@0.1.1
103 silly idealTree | +-- json-schema@0.2.3
103 silly idealTree | +-- json-stringify-safe@5.0.1
103 silly idealTree | +-- jsonpointer@4.0.1
103 silly idealTree | +-- jsprim@1.3.1
103 silly idealTree | +-- mime-db@1.26.0
103 silly idealTree | +-- mime-types@2.1.14
103 silly idealTree | +-- minimatch@3.0.3
103 silly idealTree | +-- minimist@0.0.8
103 silly idealTree | +-- mkdirp@0.5.1
103 silly idealTree | +-- ms@0.7.1
103 silly idealTree | +-- node-pre-gyp@0.6.33
103 silly idealTree | +-- nopt@3.0.6
103 silly idealTree | +-- npmlog@4.0.2
103 silly idealTree | +-- number-is-nan@1.0.1
103 silly idealTree | +-- oauth-sign@0.8.2
103 silly idealTree | +-- object-assign@4.1.1
103 silly idealTree | +-- once@1.4.0
103 silly idealTree | +-- path-is-absolute@1.0.1
103 silly idealTree | +-- pinkie-promise@2.0.1
103 silly idealTree | +-- pinkie@2.0.4
103 silly idealTree | +-- process-nextick-args@1.0.7
103 silly idealTree | +-- punycode@1.4.1
103 silly idealTree | +-- qs@6.3.1
103 silly idealTree | +-- rc@1.1.7
103 silly idealTree | | `-- minimist@1.2.0
103 silly idealTree | +-- readable-stream@2.2.2
103 silly idealTree | +-- request@2.79.0
103 silly idealTree | +-- rimraf@2.5.4
103 silly idealTree | +-- semver@5.3.0
103 silly idealTree | +-- set-blocking@2.0.0
103 silly idealTree | +-- signal-exit@3.0.2
103 silly idealTree | +-- sntp@1.0.9
103 silly idealTree | +-- sshpk@1.10.2
103 silly idealTree | | `-- assert-plus@1.0.0
103 silly idealTree | +-- string_decoder@0.10.31
103 silly idealTree | +-- string-width@1.0.2
103 silly idealTree | +-- stringstream@0.0.5
103 silly idealTree | +-- strip-ansi@3.0.1
103 silly idealTree | +-- strip-json-comments@2.0.1
103 silly idealTree | +-- supports-color@2.0.0
103 silly idealTree | +-- tar-pack@3.3.0
103 silly idealTree | | +-- once@1.3.3
103 silly idealTree | | `-- readable-stream@2.1.5
103 silly idealTree | +-- tar@2.2.1
103 silly idealTree | +-- tough-cookie@2.3.2
103 silly idealTree | +-- tunnel-agent@0.4.3
103 silly idealTree | +-- tweetnacl@0.14.5
103 silly idealTree | +-- uid-number@0.0.6
103 silly idealTree | +-- util-deprecate@1.0.2
103 silly idealTree | +-- uuid@3.0.1
103 silly idealTree | +-- verror@1.3.6
103 silly idealTree | +-- wide-align@1.1.0
103 silly idealTree | +-- wrappy@1.0.2
103 silly idealTree | `-- xtend@4.0.1
103 silly idealTree +-- glob-base@0.3.0
103 silly idealTree +-- glob-parent@2.0.0
103 silly idealTree +-- got@3.3.1
103 silly idealTree | `-- object-assign@3.0.0
103 silly idealTree +-- graceful-fs@4.1.11
103 silly idealTree +-- has-ansi@2.0.0
103 silly idealTree +-- hooks-fixed@2.0.0
103 silly idealTree +-- http-errors@1.6.1
103 silly idealTree +-- iconv-lite@0.4.15
103 silly idealTree +-- ignore-by-default@1.0.1
103 silly idealTree +-- imurmurhash@0.1.4
103 silly idealTree +-- infinity-agent@2.0.3
103 silly idealTree +-- inherits@2.0.3
103 silly idealTree +-- ini@1.3.4
103 silly idealTree +-- ipaddr.js@1.3.0
103 silly idealTree +-- is-binary-path@1.0.1
103 silly idealTree +-- is-buffer@1.1.5
103 silly idealTree +-- is-dotfile@1.0.2
103 silly idealTree +-- is-equal-shallow@0.1.3
103 silly idealTree +-- is-extendable@0.1.1
103 silly idealTree +-- is-extglob@1.0.0
103 silly idealTree +-- is-finite@1.0.2
103 silly idealTree +-- is-glob@2.0.1
103 silly idealTree +-- is-npm@1.0.0
103 silly idealTree +-- is-number@2.1.0
103 silly idealTree +-- is-posix-bracket@0.1.1
103 silly idealTree +-- is-primitive@2.0.0
103 silly idealTree +-- is-redirect@1.0.0
103 silly idealTree +-- is-stream@1.1.0
103 silly idealTree +-- isarray@1.0.0
103 silly idealTree +-- iso8601@1.1.1
103 silly idealTree +-- isobject@2.1.0
103 silly idealTree +-- kareem@1.2.1
103 silly idealTree +-- kind-of@3.1.0
103 silly idealTree +-- latest-version@1.0.1
103 silly idealTree +-- lodash._baseassign@3.2.0
103 silly idealTree +-- lodash._basecopy@3.0.1
103 silly idealTree +-- lodash._bindcallback@3.0.1
103 silly idealTree +-- lodash._createassigner@3.1.1
103 silly idealTree +-- lodash._getnative@3.9.1
103 silly idealTree +-- lodash._isiterateecall@3.0.9
103 silly idealTree +-- lodash.assign@3.2.0
103 silly idealTree +-- lodash.defaults@3.1.2
103 silly idealTree +-- lodash.isarguments@3.1.0
103 silly idealTree +-- lodash.isarray@3.0.4
103 silly idealTree +-- lodash.keys@3.1.2
103 silly idealTree +-- lodash.restparam@3.6.1
103 silly idealTree +-- lodash@4.17.4
103 silly idealTree +-- long-timeout@0.1.1
103 silly idealTree +-- lowercase-keys@1.0.0
103 silly idealTree +-- map-stream@0.1.0
103 silly idealTree +-- media-typer@0.3.0
103 silly idealTree +-- merge-descriptors@1.0.1
103 silly idealTree +-- methods@1.1.2
103 silly idealTree +-- micromatch@2.3.11
103 silly idealTree +-- mime-db@1.27.0
103 silly idealTree +-- mime-types@2.1.15
103 silly idealTree +-- mime@1.3.4
103 silly idealTree +-- minimatch@3.0.3
103 silly idealTree +-- minimist@0.0.8
103 silly idealTree +-- mkdirp@0.5.1
103 silly idealTree +-- mongodb-core@2.1.9
103 silly idealTree +-- mongodb@2.2.25
103 silly idealTree | +-- es6-promise@3.2.1
103 silly idealTree | `-- readable-stream@2.1.5
103 silly idealTree +-- mongoose-auto-increment@5.0.1
103 silly idealTree +-- mongoose@4.9.3
103 silly idealTree +-- mpath@0.2.1
103 silly idealTree +-- mpromise@0.5.5
103 silly idealTree +-- mquery@2.3.0
103 silly idealTree | +-- debug@2.2.0
103 silly idealTree | +-- ms@0.7.1
103 silly idealTree | `-- sliced@0.0.5
103 silly idealTree +-- ms@0.7.2
103 silly idealTree +-- muri@1.2.1
103 silly idealTree +-- nan@2.5.1
103 silly idealTree +-- negotiator@0.6.1
103 silly idealTree +-- nested-error-stacks@1.0.2
103 silly idealTree +-- node-schedule@1.2.1
103 silly idealTree +-- nodemailer@3.1.8
103 silly idealTree +-- nodemon@1.11.0
103 silly idealTree +-- nopt@1.0.10
103 silly idealTree +-- normalize-path@2.1.1
103 silly idealTree +-- number-is-nan@1.0.1
103 silly idealTree +-- object-assign@4.1.1
103 silly idealTree +-- object.omit@2.0.1
103 silly idealTree +-- on-finished@2.3.0
103 silly idealTree +-- on-headers@1.0.1
103 silly idealTree +-- once@1.3.3
103 silly idealTree +-- os-homedir@1.0.2
103 silly idealTree +-- os-tmpdir@1.0.2
103 silly idealTree +-- osenv@0.1.4
103 silly idealTree +-- package-json@1.2.0
103 silly idealTree +-- parse-glob@3.0.4
103 silly idealTree +-- parseurl@1.3.1
103 silly idealTree +-- path-is-absolute@1.0.1
103 silly idealTree +-- path-to-regexp@0.1.7
103 silly idealTree +-- pause-stream@0.0.11
103 silly idealTree +-- pinkie-promise@2.0.1
103 silly idealTree +-- pinkie@2.0.4
103 silly idealTree +-- prepend-http@1.0.4
103 silly idealTree +-- preserve@0.2.0
103 silly idealTree +-- process-nextick-args@1.0.7
103 silly idealTree +-- proxy-addr@1.1.4
103 silly idealTree +-- ps-tree@1.1.0
103 silly idealTree +-- qs@6.4.0
103 silly idealTree +-- random-bytes@1.0.0
103 silly idealTree +-- randomatic@1.1.6
103 silly idealTree +-- range-parser@1.2.0
103 silly idealTree +-- raw-body@2.2.0
103 silly idealTree +-- rc@1.2.0
103 silly idealTree | `-- minimist@1.2.0
103 silly idealTree +-- read-all-stream@3.1.0
103 silly idealTree +-- readable-stream@2.2.6
103 silly idealTree +-- readdirp@2.1.0
103 silly idealTree +-- regex-cache@0.4.3
103 silly idealTree +-- regexp-clone@0.0.1
103 silly idealTree +-- registry-url@3.1.0
103 silly idealTree +-- remove-trailing-separator@1.0.1
103 silly idealTree +-- repeat-element@1.1.2
103 silly idealTree +-- repeat-string@1.6.1
103 silly idealTree +-- repeating@1.1.3
103 silly idealTree +-- require_optional@1.0.0
103 silly idealTree +-- resolve-from@2.0.0
103 silly idealTree +-- semver-diff@2.1.0
103 silly idealTree +-- semver@5.3.0
103 silly idealTree +-- send@0.15.1
103 silly idealTree +-- serve-static@1.12.1
103 silly idealTree +-- set-immediate-shim@1.0.1
103 silly idealTree +-- setprototypeof@1.0.3
103 silly idealTree +-- sliced@1.0.1
103 silly idealTree +-- slide@1.1.6
103 silly idealTree +-- sorted-array-functions@1.0.0
103 silly idealTree +-- split@0.3.3
103 silly idealTree +-- statuses@1.3.1
103 silly idealTree +-- stream-combiner@0.0.4
103 silly idealTree +-- stream-shift@1.0.0
103 silly idealTree +-- string_decoder@0.10.31
103 silly idealTree +-- string-length@1.0.1
103 silly idealTree +-- strip-ansi@3.0.1
103 silly idealTree +-- strip-json-comments@2.0.1
103 silly idealTree +-- supports-color@2.0.0
103 silly idealTree +-- through@2.3.8
103 silly idealTree +-- time@0.12.0
103 silly idealTree +-- timed-out@2.0.0
103 silly idealTree +-- touch@1.0.0
103 silly idealTree +-- type-is@1.6.15
103 silly idealTree +-- uid-safe@2.1.4
103 silly idealTree +-- undefsafe@0.0.3
103 silly idealTree +-- unpipe@1.0.0
103 silly idealTree +-- update-notifier@0.5.0
103 silly idealTree +-- util-deprecate@1.0.2
103 silly idealTree +-- utils-merge@1.0.0
103 silly idealTree +-- uuid@2.0.3
103 silly idealTree +-- vary@1.1.1
103 silly idealTree +-- wrappy@1.0.2
103 silly idealTree +-- write-file-atomic@1.3.1
103 silly idealTree `-- xdg-basedir@2.0.0
104 silly generateActionsToTake Starting
105 silly install generateActionsToTake
106 silly generateActionsToTake Finishing
107 silly diffTrees action count 2
108 silly diffTrees add bindings@1.2.1
109 silly diffTrees add time@0.12.0
110 silly decomposeActions action count 16
111 silly decomposeActions fetch bindings@1.2.1
112 silly decomposeActions extract bindings@1.2.1
113 silly decomposeActions test bindings@1.2.1
114 silly decomposeActions preinstall bindings@1.2.1
115 silly decomposeActions build bindings@1.2.1
116 silly decomposeActions install bindings@1.2.1
117 silly decomposeActions postinstall bindings@1.2.1
118 silly decomposeActions finalize bindings@1.2.1
119 silly decomposeActions fetch time@0.12.0
120 silly decomposeActions extract time@0.12.0
121 silly decomposeActions test time@0.12.0
122 silly decomposeActions preinstall time@0.12.0
123 silly decomposeActions build time@0.12.0
124 silly decomposeActions install time@0.12.0
125 silly decomposeActions postinstall time@0.12.0
126 silly decomposeActions finalize time@0.12.0
127 silly runTopLevelLifecycles Starting
128 silly executeActions Starting
129 silly install executeActions
130 silly doSerial global-install 0
131 silly doParallel fetch 2
132 verbose correctMkdir C:\Users\austi\AppData\Roaming\npm-cache\_locks correctMkdir not in flight; initializing
133 verbose lock using C:\Users\austi\AppData\Roaming\npm-cache\_locks\staging-7b61ac59f7696f09.lock for C:\Users\austi\Documents\study_files_SP17\CS_3365_002\Project\GitHub_Project\HealthCareSystem\node_modules\.staging
134 silly doParallel extract 2
135 silly extract bindings@1.2.1
136 silly extract time@0.12.0
137 verbose unbuild node_modules\.staging\bindings-00ee46cb
138 verbose unbuild node_modules\.staging\time-146e73e8
139 silly gentlyRm C:\Users\austi\Documents\study_files_SP17\CS_3365_002\Project\GitHub_Project\HealthCareSystem\node_modules\.staging\bindings-00ee46cb is being purged from base C:\Users\austi\Documents\study_files_SP17\CS_3365_002\Project\GitHub_Project\HealthCareSystem
140 verbose gentlyRm don't care about contents; nuking C:\Users\austi\Documents\study_files_SP17\CS_3365_002\Project\GitHub_Project\HealthCareSystem\node_modules\.staging\bindings-00ee46cb
141 silly gentlyRm C:\Users\austi\Documents\study_files_SP17\CS_3365_002\Project\GitHub_Project\HealthCareSystem\node_modules\.staging\time-146e73e8 is being purged from base C:\Users\austi\Documents\study_files_SP17\CS_3365_002\Project\GitHub_Project\HealthCareSystem
142 verbose gentlyRm don't care about contents; nuking C:\Users\austi\Documents\study_files_SP17\CS_3365_002\Project\GitHub_Project\HealthCareSystem\node_modules\.staging\time-146e73e8
143 verbose tar unpack C:\Users\austi\AppData\Roaming\npm-cache\bindings\1.2.1\package.tgz
144 verbose tar unpacking to C:\Users\austi\Documents\study_files_SP17\CS_3365_002\Project\GitHub_Project\HealthCareSystem\node_modules\.staging\bindings-00ee46cb
145 silly gentlyRm C:\Users\austi\Documents\study_files_SP17\CS_3365_002\Project\GitHub_Project\HealthCareSystem\node_modules\.staging\bindings-00ee46cb is being purged
146 verbose gentlyRm don't care about contents; nuking C:\Users\austi\Documents\study_files_SP17\CS_3365_002\Project\GitHub_Project\HealthCareSystem\node_modules\.staging\bindings-00ee46cb
147 verbose tar unpack C:\Users\austi\AppData\Roaming\npm-cache\time\0.12.0\package.tgz
148 verbose tar unpacking to C:\Users\austi\Documents\study_files_SP17\CS_3365_002\Project\GitHub_Project\HealthCareSystem\node_modules\.staging\time-146e73e8
149 silly gentlyRm C:\Users\austi\Documents\study_files_SP17\CS_3365_002\Project\GitHub_Project\HealthCareSystem\node_modules\.staging\time-146e73e8 is being purged
150 verbose gentlyRm don't care about contents; nuking C:\Users\austi\Documents\study_files_SP17\CS_3365_002\Project\GitHub_Project\HealthCareSystem\node_modules\.staging\time-146e73e8
151 silly gunzTarPerm modes [ '777', '666' ]
152 silly gunzTarPerm modes [ '777', '666' ]
153 silly gunzTarPerm extractEntry package.json
154 silly gunzTarPerm modified mode [ 'package.json', 420, 438 ]
155 silly gunzTarPerm extractEntry package.json
156 silly gunzTarPerm modified mode [ 'package.json', 420, 438 ]
157 silly gunzTarPerm extractEntry .npmignore
158 silly gunzTarPerm modified mode [ '.npmignore', 420, 438 ]
159 silly gunzTarPerm extractEntry README.md
160 silly gunzTarPerm modified mode [ 'README.md', 420, 438 ]
161 silly gunzTarPerm extractEntry README.md
162 silly gunzTarPerm modified mode [ 'README.md', 420, 438 ]
163 silly gunzTarPerm extractEntry bindings.js
164 silly gunzTarPerm modified mode [ 'bindings.js', 420, 438 ]
165 silly gunzTarPerm extractEntry LICENSE
166 silly gunzTarPerm modified mode [ 'LICENSE', 420, 438 ]
167 silly gunzTarPerm extractEntry index.js
168 silly gunzTarPerm modified mode [ 'index.js', 420, 438 ]
169 silly gunzTarPerm extractEntry appveyor.yml
170 silly gunzTarPerm modified mode [ 'appveyor.yml', 420, 438 ]
171 silly gunzTarPerm extractEntry .jshintrc
172 silly gunzTarPerm modified mode [ '.jshintrc', 420, 438 ]
173 silly gunzTarPerm extractEntry .travis.yml
174 silly gunzTarPerm modified mode [ '.travis.yml', 420, 438 ]
175 silly gunzTarPerm extractEntry binding.gyp
176 silly gunzTarPerm modified mode [ 'binding.gyp', 420, 438 ]
177 silly gunzTarPerm extractEntry CHANGELOG.md
178 silly gunzTarPerm modified mode [ 'CHANGELOG.md', 420, 438 ]
179 silly gunzTarPerm extractEntry src/time.cc
180 silly gunzTarPerm modified mode [ 'src/time.cc', 420, 438 ]
181 silly gunzTarPerm extractEntry test/date.js
182 silly gunzTarPerm modified mode [ 'test/date.js', 420, 438 ]
183 silly gentlyRm C:\Users\austi\Documents\study_files_SP17\CS_3365_002\Project\GitHub_Project\HealthCareSystem\node_modules\.staging\bindings-00ee46cb\node_modules is being purged
184 verbose gentlyRm don't care about contents; nuking C:\Users\austi\Documents\study_files_SP17\CS_3365_002\Project\GitHub_Project\HealthCareSystem\node_modules\.staging\bindings-00ee46cb\node_modules
185 silly gunzTarPerm extractEntry test/exports.js
186 silly gunzTarPerm modified mode [ 'test/exports.js', 420, 438 ]
187 silly gunzTarPerm extractEntry test/tzset.js
188 silly gunzTarPerm modified mode [ 'test/tzset.js', 420, 438 ]
189 silly gentlyRm C:\Users\austi\Documents\study_files_SP17\CS_3365_002\Project\GitHub_Project\HealthCareSystem\node_modules\.staging\time-146e73e8\node_modules is being purged
190 verbose gentlyRm don't care about contents; nuking C:\Users\austi\Documents\study_files_SP17\CS_3365_002\Project\GitHub_Project\HealthCareSystem\node_modules\.staging\time-146e73e8\node_modules
191 silly doParallel preinstall 2
192 silly preinstall bindings@1.2.1 C:\Users\austi\Documents\study_files_SP17\CS_3365_002\Project\GitHub_Project\HealthCareSystem\node_modules\.staging\bindings-00ee46cb
193 info lifecycle bindings@1.2.1~preinstall: bindings@1.2.1
194 silly preinstall time@0.12.0 C:\Users\austi\Documents\study_files_SP17\CS_3365_002\Project\GitHub_Project\HealthCareSystem\node_modules\.staging\time-146e73e8
195 info lifecycle time@0.12.0~preinstall: time@0.12.0
196 silly lifecycle bindings@1.2.1~preinstall: no script for preinstall, continuing
197 silly lifecycle time@0.12.0~preinstall: no script for preinstall, continuing
198 silly doReverseSerial remove 0
199 silly doSerial move 0
200 silly doSerial finalize 2
201 silly finalize C:\Users\austi\Documents\study_files_SP17\CS_3365_002\Project\GitHub_Project\HealthCareSystem\node_modules\bindings
202 silly finalize C:\Users\austi\Documents\study_files_SP17\CS_3365_002\Project\GitHub_Project\HealthCareSystem\node_modules\time
203 silly doSerial build 2
204 silly build bindings@1.2.1
205 info linkStuff bindings@1.2.1
206 silly linkStuff bindings@1.2.1 has C:\Users\austi\Documents\study_files_SP17\CS_3365_002\Project\GitHub_Project\HealthCareSystem\node_modules as its parent node_modules
207 verbose linkBins bindings@1.2.1
208 verbose linkMans bindings@1.2.1
209 silly build time@0.12.0
210 info linkStuff time@0.12.0
211 silly linkStuff time@0.12.0 has C:\Users\austi\Documents\study_files_SP17\CS_3365_002\Project\GitHub_Project\HealthCareSystem\node_modules as its parent node_modules
212 verbose linkBins time@0.12.0
213 verbose linkMans time@0.12.0
214 silly doSerial global-link 0
215 silly doParallel update-linked 0
216 silly doSerial install 2
217 silly install bindings@1.2.1 C:\Users\austi\Documents\study_files_SP17\CS_3365_002\Project\GitHub_Project\HealthCareSystem\node_modules\.staging\bindings-00ee46cb
218 info lifecycle bindings@1.2.1~install: bindings@1.2.1
219 silly lifecycle bindings@1.2.1~install: no script for install, continuing
220 silly install time@0.12.0 C:\Users\austi\Documents\study_files_SP17\CS_3365_002\Project\GitHub_Project\HealthCareSystem\node_modules\.staging\time-146e73e8
221 info lifecycle time@0.12.0~install: time@0.12.0
222 verbose lifecycle time@0.12.0~install: unsafe-perm in lifecycle true
223 verbose lifecycle time@0.12.0~install: PATH: C:\Program Files\nodejs\node_modules\npm\bin\node-gyp-bin;C:\Users\austi\Documents\study_files_SP17\CS_3365_002\Project\GitHub_Project\HealthCareSystem\node_modules\time\node_modules\.bin;C:\Users\austi\Documents\study_files_SP17\CS_3365_002\Project\GitHub_Project\HealthCareSystem\node_modules\.bin;C:\ProgramData\Oracle\Java\javapath;C:\Program Files (x86)\Chez Scheme Version 8.4\bin\a6nt;C:\Program Files (x86)\Chez Scheme Version 8.4\bin\i3nt;C:\Program Files (x86)\Intel\iCLS Client\;C:\Program Files\Intel\iCLS Client\;C:\Windows\system32;C:\Windows;C:\Windows\System32\Wbem;C:\Windows\System32\WindowsPowerShell\v1.0\;C:\Program Files (x86)\NVIDIA Corporation\PhysX\Common;C:\Program Files (x86)\Intel\Intel(R) Management Engine Components\DAL;C:\Program Files\Intel\Intel(R) Management Engine Components\DAL;C:\Program Files (x86)\Intel\Intel(R) Management Engine Components\IPT;C:\Program Files\Intel\Intel(R) Management Engine Components\IPT;C:\WINDOWS\system32\config\systemprofile\.dnx\bin;C:\Program Files\Microsoft DNX\Dnvm\;C:\Program Files\Microsoft SQL Server\130\Tools\Binn\;C:\WINDOWS\system32;C:\WINDOWS;C:\WINDOWS\System32\Wbem;C:\WINDOWS\System32\WindowsPowerShell\v1.0\;C:\Program Files (x86)\Windows Kits\8.1\Windows Performance Toolkit\;C:\Program Files\nodejs\;C:\Program Files\Git\cmd;C:\Program Files\MongoDB\Server\3.4\bin\;C:\Program Files (x86)\Brackets\command;C:\Program Files\MySQL\MySQL Utilities 1.6\;C:\Program Files\Java\jdk1.8.0_112\bin;C:\Program Files (x86)\Skype\Phone\;C:\Program Files\Intel\WiFi\bin\;C:\Program Files\Common Files\Intel\WirelessCommon\;C:\Users\austi\AppData\Local\Microsoft\WindowsApps;C:\Users\austi\AppData\Roaming\npm
224 verbose lifecycle time@0.12.0~install: CWD: C:\Users\austi\Documents\study_files_SP17\CS_3365_002\Project\GitHub_Project\HealthCareSystem\node_modules\time
225 silly lifecycle time@0.12.0~install: Args: [ '/d /s /c', 'node-gyp rebuild' ]
226 silly lifecycle time@0.12.0~install: Returned: code: 1  signal: null
227 info lifecycle time@0.12.0~install: Failed to exec install script
228 verbose unlock done using C:\Users\austi\AppData\Roaming\npm-cache\_locks\staging-7b61ac59f7696f09.lock for C:\Users\austi\Documents\study_files_SP17\CS_3365_002\Project\GitHub_Project\HealthCareSystem\node_modules\.staging
229 silly rollbackFailedOptional Starting
230 silly rollbackFailedOptional Finishing
231 silly runTopLevelLifecycles Finishing
232 silly install printInstalled
233 warn testframeapp@1.0.0 No description
234 verbose If you need help, you may report this error at:
234 verbose     <https://github.com/npm/npm/issues>
235 warn testframeapp@1.0.0 No repository field.
236 verbose If you need help, you may report this error at:
236 verbose     <https://github.com/npm/npm/issues>
237 verbose stack Error: time@0.12.0 install: `node-gyp rebuild`
237 verbose stack Exit status 1
237 verbose stack     at EventEmitter.<anonymous> (C:\Program Files\nodejs\node_modules\npm\lib\utils\lifecycle.js:255:16)
237 verbose stack     at emitTwo (events.js:106:13)
237 verbose stack     at EventEmitter.emit (events.js:191:7)
237 verbose stack     at ChildProcess.<anonymous> (C:\Program Files\nodejs\node_modules\npm\lib\utils\spawn.js:40:14)
237 verbose stack     at emitTwo (events.js:106:13)
237 verbose stack     at ChildProcess.emit (events.js:191:7)
237 verbose stack     at maybeClose (internal/child_process.js:877:16)
237 verbose stack     at Process.ChildProcess._handle.onexit (internal/child_process.js:226:5)
238 verbose pkgid time@0.12.0
239 verbose cwd C:\Users\austi\Documents\study_files_SP17\CS_3365_002\Project\GitHub_Project\HealthCareSystem
240 error Windows_NT 10.0.14393
241 error argv "C:\\Program Files\\nodejs\\node.exe" "C:\\Program Files\\nodejs\\node_modules\\npm\\bin\\npm-cli.js" "install" "time"
242 error node v6.10.0
243 error npm  v3.10.10
244 error code ELIFECYCLE
245 error time@0.12.0 install: `node-gyp rebuild`
245 error Exit status 1
246 error Failed at the time@0.12.0 install script 'node-gyp rebuild'.
246 error Make sure you have the latest version of node.js and npm installed.
246 error If you do, this is most likely a problem with the time package,
246 error not with npm itself.
246 error Tell the author that this fails on your system:
246 error     node-gyp rebuild
246 error You can get information on how to open an issue for this project with:
246 error     npm bugs time
246 error Or if that isn't available, you can get their info via:
246 error     npm owner ls time
246 error There is likely additional logging output above.
247 verbose exit [ 1, true ]
